[debug] [2023-10-08T12:04:27.262Z] ----------------------------------------------------------------------
[debug] [2023-10-08T12:04:27.264Z] Command:       /home/vishwash/.nvm/versions/node/v16.20.2/bin/node /home/vishwash/.nvm/versions/node/v16.20.2/bin/firebase login
[debug] [2023-10-08T12:04:27.264Z] CLI Version:   12.6.2
[debug] [2023-10-08T12:04:27.264Z] Platform:      linux
[debug] [2023-10-08T12:04:27.264Z] Node Version:  v16.20.2
[debug] [2023-10-08T12:04:27.267Z] Time:          Sun Oct 08 2023 17:34:27 GMT+0530 (India Standard Time)
[debug] [2023-10-08T12:04:27.267Z] ----------------------------------------------------------------------
[debug] 
[debug] [2023-10-08T12:04:27.270Z] >>> [apiv2][query] GET https://firebase-public.firebaseio.com/cli.json [none]
[info] i  Firebase optionally collects CLI and Emulator Suite usage and error reporting information to help improve our products. Data is collected in accordance with Google's privacy policy (https://policies.google.com/privacy) and is not used to identify you.
 
[debug] [2023-10-08T12:04:28.525Z] <<< [apiv2][status] GET https://firebase-public.firebaseio.com/cli.json 200
[debug] [2023-10-08T12:04:28.526Z] <<< [apiv2][body] GET https://firebase-public.firebaseio.com/cli.json {"cloudBuildErrorAfter":1594252800000,"cloudBuildWarnAfter":1590019200000,"defaultNode10After":1594252800000,"minVersion":"3.0.5","node8DeploysDisabledAfter":1613390400000,"node8RuntimeDisabledAfter":1615809600000,"node8WarnAfter":1600128000000}
[info] i  To change your data collection preference at any time, run `firebase logout` and log in again. 
[info] 
[info] Visit this URL on this device to log in:
[info] https://accounts.google.com/o/oauth2/auth?client_id=563584335869-fgrhgmd47bqnekij5i8b5pr03ho849e6.apps.googleusercontent.com&scope=email%20openid%20https%3A%2F%2Fwww.googleapis.com%2Fauth%2Fcloudplatformprojects.readonly%20https%3A%2F%2Fwww.googleapis.com%2Fauth%2Ffirebase%20https%3A%2F%2Fwww.googleapis.com%2Fauth%2Fcloud-platform&response_type=code&state=1004028358&redirect_uri=http%3A%2F%2Flocalhost%3A9005
[info] 
[info] Waiting for authentication...
[debug] [2023-10-08T12:04:48.606Z] >>> [apiv2][query] POST https://auth.firebase.tools/attest [none]
[debug] [2023-10-08T12:04:48.607Z] >>> [apiv2][body] POST https://auth.firebase.tools/attest {"session_id":"5551981e-0aad-4489-92ed-a9da7609ddd5"}
[debug] [2023-10-08T12:04:53.193Z] <<< [apiv2][status] POST https://auth.firebase.tools/attest 200
[debug] [2023-10-08T12:04:53.194Z] <<< [apiv2][body] POST https://auth.firebase.tools/attest {"token":"vwSVOeUG6mksdD5SqnXnAyEoHJfcqCd9UkBJz5Yme78"}
[info] 
[info] To sign in to the Firebase CLI:
[info] 
[info] 1. Take note of your session ID:
[info] 
[info]    55519
[info] 
[info] 2. Visit the URL below on any device and follow the instructions to get your code:
[info] 
[info]    https://auth.firebase.tools/login?code_challenge=KYK_Pi1eP_aZpm-tjCXBmxvY5HHpk5zuh8yaTC5ExrI&session=5551981e-0aad-4489-92ed-a9da7609ddd5&attest=vwSVOeUG6mksdD5SqnXnAyEoHJfcqCd9UkBJz5Yme78
[info] 
[info] 3. Paste or enter the authorization code below once you have it:
[info] 
